[{"line":1,"elements":[{"start_timestamp":"2025-08-27T11:31:10.287Z","before":[{"result":{"error_message":"org.openqa.selenium.remote.NoSuchDriverException: Unable to obtain: Capabilities {browserName: chrome, goog:chromeOptions: {args: [--remote-allow-origins=*, --start-maximized, --disable-notifications], extensions: []}}\r\n\tat org.openqa.selenium.remote.service.DriverFinder.getPath(DriverFinder.java:29)\r\n\tat org.openqa.selenium.chrome.ChromeDriver.generateExecutor(ChromeDriver.java:98)\r\n\tat org.openqa.selenium.chrome.ChromeDriver.<init>(ChromeDriver.java:87)\r\n\tat org.openqa.selenium.chrome.ChromeDriver.<init>(ChromeDriver.java:82)\r\n\tat org.openqa.selenium.chrome.ChromeDriver.<init>(ChromeDriver.java:71)\r\n\tat base.DriverSetup.initializeDriver(DriverSetup.java:33)\r\n\tat hooks.Hooks.setUp(Hooks.java:14)\r\nCaused by: org.openqa.selenium.WebDriverException: Unsuccessful command executed: [C:\\Users\\shoai\\AppData\\Local\\Temp\\selenium-manager1013159450201003693021196024375334\\selenium-manager.exe, --browser, chrome, --output, json]\nThe chromedriver version cannot be discovered\nBuild info: version: '4.10.0', revision: 'c14d967899'\nSystem info: os.name: 'Windows 11', os.arch: 'amd64', os.version: '10.0', java.version: '21.0.7'\nDriver info: driver.version: ChromeDriver\r\n\tat org.openqa.selenium.manager.SeleniumManager.runCommand(SeleniumManager.java:130)\r\n\tat org.openqa.selenium.manager.SeleniumManager.getDriverPath(SeleniumManager.java:251)\r\n\tat org.openqa.selenium.remote.service.DriverFinder.getPath(DriverFinder.java:27)\r\n\tat org.openqa.selenium.chrome.ChromeDriver.generateExecutor(ChromeDriver.java:98)\r\n\tat org.openqa.selenium.chrome.ChromeDriver.<init>(ChromeDriver.java:87)\r\n\tat org.openqa.selenium.chrome.ChromeDriver.<init>(ChromeDriver.java:82)\r\n\tat org.openqa.selenium.chrome.ChromeDriver.<init>(ChromeDriver.java:71)\r\n\tat base.DriverSetup.initializeDriver(DriverSetup.java:33)\r\n\tat hooks.Hooks.setUp(Hooks.java:14)\r\n\tat java.base/jdk.internal.reflect.DirectMethodHandleAccessor.invoke(DirectMethodHandleAccessor.java:103)\r\n\tat java.base/java.lang.reflect.Method.invoke(Method.java:580)\r\n\tat io.cucumber.java.Invoker.doInvoke(Invoker.java:66)\r\n\tat io.cucumber.java.Invoker.invoke(Invoker.java:24)\r\n\tat io.cucumber.java.AbstractGlueDefinition.invokeMethod(AbstractGlueDefinition.java:47)\r\n\tat io.cucumber.java.JavaHookDefinition.execute(JavaHookDefinition.java:64)\r\n\tat io.cucumber.core.runner.CoreHookDefinition.execute(CoreHookDefinition.java:46)\r\n\tat io.cucumber.core.runner.HookDefinitionMatch.runStep(HookDefinitionMatch.java:21)\r\n\tat io.cucumber.core.runner.ExecutionMode$1.execute(ExecutionMode.java:10)\r\n\tat io.cucumber.core.runner.TestStep.executeStep(TestStep.java:84)\r\n\tat io.cucumber.core.runner.TestStep.run(TestStep.java:56)\r\n\tat io.cucumber.core.runner.TestCase.run(TestCase.java:78)\r\n\tat io.cucumber.core.runner.Runner.runPickle(Runner.java:75)\r\n\tat io.cucumber.testng.TestNGCucumberRunner.lambda$runScenario$1(TestNGCucumberRunner.java:132)\r\n\tat io.cucumber.core.runtime.CucumberExecutionContext.lambda$runTestCase$5(CucumberExecutionContext.java:137)\r\n\tat io.cucumber.core.runtime.RethrowingThrowableCollector.executeAndThrow(RethrowingThrowableCollector.java:23)\r\n\tat io.cucumber.core.runtime.CucumberExecutionContext.runTestCase(CucumberExecutionContext.java:137)\r\n\tat io.cucumber.testng.TestNGCucumberRunner.runScenario(TestNGCucumberRunner.java:129)\r\n\tat io.cucumber.testng.AbstractTestNGCucumberTests.runScenario(AbstractTestNGCucumberTests.java:35)\r\n\tat java.base/jdk.internal.reflect.DirectMethodHandleAccessor.invoke(DirectMethodHandleAccessor.java:103)\r\n\tat java.base/java.lang.reflect.Method.invoke(Method.java:580)\r\n\tat org.testng.internal.invokers.MethodInvocationHelper.invokeMethod(MethodInvocationHelper.java:139)\r\n\tat org.testng.internal.invokers.TestInvoker.invokeMethod(TestInvoker.java:664)\r\n\tat org.testng.internal.invokers.TestInvoker.invokeTestMethod(TestInvoker.java:227)\r\n\tat org.testng.internal.invokers.MethodRunner.runInSequence(MethodRunner.java:50)\r\n\tat org.testng.internal.invokers.TestInvoker$MethodInvocationAgent.invoke(TestInvoker.java:957)\r\n\tat org.testng.internal.invokers.TestInvoker.invokeTestMethods(TestInvoker.java:200)\r\n\tat org.testng.internal.invokers.TestMethodWorker.invokeTestMethods(TestMethodWorker.java:148)\r\n\tat org.testng.internal.invokers.TestMethodWorker.run(TestMethodWorker.java:128)\r\n\tat java.base/java.util.ArrayList.forEach(ArrayList.java:1596)\r\n\tat org.testng.TestRunner.privateRun(TestRunner.java:848)\r\n\tat org.testng.TestRunner.run(TestRunner.java:621)\r\n\tat org.testng.SuiteRunner.runTest(SuiteRunner.java:443)\r\n\tat org.testng.SuiteRunner$SuiteWorker.run(SuiteRunner.java:481)\r\n\tat org.testng.internal.thread.ThreadUtil.lambda$execute$0(ThreadUtil.java:58)\r\n\tat java.base/java.util.concurrent.FutureTask.run(FutureTask.java:317)\r\n\tat java.base/java.util.concurrent.ThreadPoolExecutor.runWorker(ThreadPoolExecutor.java:1144)\r\n\tat java.base/java.util.concurrent.ThreadPoolExecutor$Worker.run(ThreadPoolExecutor.java:642)\r\n\tat java.base/java.lang.Thread.run(Thread.java:1583)\r\n","duration":3482741400,"status":"failed"},"match":{"location":"hooks.Hooks.setUp(io.cucumber.java.Scenario)"}}],"line":3,"name":"Successful event booking flow","description":"","id":"bookmyshow-event-booking-functionality;successful-event-booking-flow","after":[{"result":{"error_message":"java.lang.NullPointerException: Cannot invoke \"org.openqa.selenium.TakesScreenshot.getScreenshotAs(org.openqa.selenium.OutputType)\" because the return value of \"base.DriverSetup.getDriver()\" is null\r\n\tat utils.ScreenshotUtil.captureScreenshot(ScreenshotUtil.java:23)\r\n\tat hooks.Hooks.tearDown(Hooks.java:21)\r\n","duration":4997500,"status":"failed"},"match":{"location":"hooks.Hooks.tearDown(io.cucumber.java.Scenario)"}}],"type":"scenario","keyword":"Scenario","steps":[{"result":{"status":"skipped"},"line":4,"name":"I navigate to events section","match":{"location":"stepDefinitions.EventSteps.i_navigate_to_events_section()"},"keyword":"Given "},{"result":{"status":"skipped"},"line":5,"name":"I search for event \"Music Concert\"","match":{"arguments":[{"val":"\"Music Concert\"","offset":19}],"location":"stepDefinitions.EventSteps.i_search_for_event(java.lang.String)"},"keyword":"When "},{"result":{"status":"skipped"},"line":6,"name":"I select the 1 event from the list","match":{"arguments":[{"val":"1","offset":13}],"location":"stepDefinitions.EventSteps.i_select_the_event_from_the_list(int)"},"keyword":"And "},{"result":{"status":"skipped"},"line":7,"name":"I click on book tickets","match":{"location":"stepDefinitions.EventSteps.i_click_on_book_tickets()"},"keyword":"And "},{"result":{"status":"skipped"},"line":8,"name":"I select ticket type \"VIP\"","match":{"arguments":[{"val":"\"VIP\"","offset":21}],"location":"stepDefinitions.EventSteps.i_select_ticket_type(java.lang.String)"},"keyword":"And "},{"result":{"status":"skipped"},"line":9,"name":"I set ticket quantity to 2","match":{"arguments":[{"val":"2","offset":25}],"location":"stepDefinitions.EventSteps.i_set_ticket_quantity_to(int)"},"keyword":"And "},{"result":{"status":"skipped"},"line":10,"name":"I add tickets to cart","match":{"location":"stepDefinitions.EventSteps.i_add_tickets_to_cart()"},"keyword":"And "},{"result":{"status":"skipped"},"line":11,"name":"I proceed to checkout","match":{"location":"stepDefinitions.EventSteps.i_proceed_to_checkout()"},"keyword":"And "},{"result":{"status":"skipped"},"line":12,"name":"I should be redirected to checkout page","match":{"location":"stepDefinitions.EventSteps.i_should_be_redirected_to_checkout_page()"},"keyword":"Then "}]},{"start_timestamp":"2025-08-27T11:31:13.811Z","before":[{"result":{"error_message":"org.openqa.selenium.remote.NoSuchDriverException: Unable to obtain: Capabilities {browserName: chrome, goog:chromeOptions: {args: [--remote-allow-origins=*, --start-maximized, --disable-notifications], extensions: []}}\r\n\tat org.openqa.selenium.remote.service.DriverFinder.getPath(DriverFinder.java:29)\r\n\tat org.openqa.selenium.chrome.ChromeDriver.generateExecutor(ChromeDriver.java:98)\r\n\tat org.openqa.selenium.chrome.ChromeDriver.<init>(ChromeDriver.java:87)\r\n\tat org.openqa.selenium.chrome.ChromeDriver.<init>(ChromeDriver.java:82)\r\n\tat org.openqa.selenium.chrome.ChromeDriver.<init>(ChromeDriver.java:71)\r\n\tat base.DriverSetup.initializeDriver(DriverSetup.java:33)\r\n\tat hooks.Hooks.setUp(Hooks.java:14)\r\nCaused by: org.openqa.selenium.WebDriverException: Unsuccessful command executed: [C:\\Users\\shoai\\AppData\\Local\\Temp\\selenium-manager10131594516570010173530370809661035\\selenium-manager.exe, --browser, chrome, --output, json]\nThe chromedriver version cannot be discovered\nBuild info: version: '4.10.0', revision: 'c14d967899'\nSystem info: os.name: 'Windows 11', os.arch: 'amd64', os.version: '10.0', java.version: '21.0.7'\nDriver info: driver.version: ChromeDriver\r\n\tat org.openqa.selenium.manager.SeleniumManager.runCommand(SeleniumManager.java:130)\r\n\tat org.openqa.selenium.manager.SeleniumManager.getDriverPath(SeleniumManager.java:251)\r\n\tat org.openqa.selenium.remote.service.DriverFinder.getPath(DriverFinder.java:27)\r\n\tat org.openqa.selenium.chrome.ChromeDriver.generateExecutor(ChromeDriver.java:98)\r\n\tat org.openqa.selenium.chrome.ChromeDriver.<init>(ChromeDriver.java:87)\r\n\tat org.openqa.selenium.chrome.ChromeDriver.<init>(ChromeDriver.java:82)\r\n\tat org.openqa.selenium.chrome.ChromeDriver.<init>(ChromeDriver.java:71)\r\n\tat base.DriverSetup.initializeDriver(DriverSetup.java:33)\r\n\tat hooks.Hooks.setUp(Hooks.java:14)\r\n\tat java.base/jdk.internal.reflect.DirectMethodHandleAccessor.invoke(DirectMethodHandleAccessor.java:103)\r\n\tat java.base/java.lang.reflect.Method.invoke(Method.java:580)\r\n\tat io.cucumber.java.Invoker.doInvoke(Invoker.java:66)\r\n\tat io.cucumber.java.Invoker.invoke(Invoker.java:24)\r\n\tat io.cucumber.java.AbstractGlueDefinition.invokeMethod(AbstractGlueDefinition.java:47)\r\n\tat io.cucumber.java.JavaHookDefinition.execute(JavaHookDefinition.java:64)\r\n\tat io.cucumber.core.runner.CoreHookDefinition.execute(CoreHookDefinition.java:46)\r\n\tat io.cucumber.core.runner.HookDefinitionMatch.runStep(HookDefinitionMatch.java:21)\r\n\tat io.cucumber.core.runner.ExecutionMode$1.execute(ExecutionMode.java:10)\r\n\tat io.cucumber.core.runner.TestStep.executeStep(TestStep.java:84)\r\n\tat io.cucumber.core.runner.TestStep.run(TestStep.java:56)\r\n\tat io.cucumber.core.runner.TestCase.run(TestCase.java:78)\r\n\tat io.cucumber.core.runner.Runner.runPickle(Runner.java:75)\r\n\tat io.cucumber.testng.TestNGCucumberRunner.lambda$runScenario$1(TestNGCucumberRunner.java:132)\r\n\tat io.cucumber.core.runtime.CucumberExecutionContext.lambda$runTestCase$5(CucumberExecutionContext.java:137)\r\n\tat io.cucumber.core.runtime.RethrowingThrowableCollector.executeAndThrow(RethrowingThrowableCollector.java:23)\r\n\tat io.cucumber.core.runtime.CucumberExecutionContext.runTestCase(CucumberExecutionContext.java:137)\r\n\tat io.cucumber.testng.TestNGCucumberRunner.runScenario(TestNGCucumberRunner.java:129)\r\n\tat io.cucumber.testng.AbstractTestNGCucumberTests.runScenario(AbstractTestNGCucumberTests.java:35)\r\n\tat java.base/jdk.internal.reflect.DirectMethodHandleAccessor.invoke(DirectMethodHandleAccessor.java:103)\r\n\tat java.base/java.lang.reflect.Method.invoke(Method.java:580)\r\n\tat org.testng.internal.invokers.MethodInvocationHelper.invokeMethod(MethodInvocationHelper.java:139)\r\n\tat org.testng.internal.invokers.TestInvoker.invokeMethod(TestInvoker.java:664)\r\n\tat org.testng.internal.invokers.TestInvoker.invokeTestMethod(TestInvoker.java:227)\r\n\tat org.testng.internal.invokers.MethodRunner.runInSequence(MethodRunner.java:50)\r\n\tat org.testng.internal.invokers.TestInvoker$MethodInvocationAgent.invoke(TestInvoker.java:957)\r\n\tat org.testng.internal.invokers.TestInvoker.invokeTestMethods(TestInvoker.java:200)\r\n\tat org.testng.internal.invokers.TestMethodWorker.invokeTestMethods(TestMethodWorker.java:148)\r\n\tat org.testng.internal.invokers.TestMethodWorker.run(TestMethodWorker.java:128)\r\n\tat java.base/java.util.ArrayList.forEach(ArrayList.java:1596)\r\n\tat org.testng.TestRunner.privateRun(TestRunner.java:848)\r\n\tat org.testng.TestRunner.run(TestRunner.java:621)\r\n\tat org.testng.SuiteRunner.runTest(SuiteRunner.java:443)\r\n\tat org.testng.SuiteRunner$SuiteWorker.run(SuiteRunner.java:481)\r\n\tat org.testng.internal.thread.ThreadUtil.lambda$execute$0(ThreadUtil.java:58)\r\n\tat java.base/java.util.concurrent.FutureTask.run(FutureTask.java:317)\r\n\tat java.base/java.util.concurrent.ThreadPoolExecutor.runWorker(ThreadPoolExecutor.java:1144)\r\n\tat java.base/java.util.concurrent.ThreadPoolExecutor$Worker.run(ThreadPoolExecutor.java:642)\r\n\tat java.base/java.lang.Thread.run(Thread.java:1583)\r\n","duration":2531241900,"status":"failed"},"match":{"location":"hooks.Hooks.setUp(io.cucumber.java.Scenario)"}}],"line":14,"name":"View event details","description":"","id":"bookmyshow-event-booking-functionality;view-event-details","after":[{"result":{"error_message":"java.lang.NullPointerException: Cannot invoke \"org.openqa.selenium.TakesScreenshot.getScreenshotAs(org.openqa.selenium.OutputType)\" because the return value of \"base.DriverSetup.getDriver()\" is null\r\n\tat utils.ScreenshotUtil.captureScreenshot(ScreenshotUtil.java:23)\r\n\tat hooks.Hooks.tearDown(Hooks.java:21)\r\n","duration":1999400,"status":"failed"},"match":{"location":"hooks.Hooks.tearDown(io.cucumber.java.Scenario)"}}],"type":"scenario","keyword":"Scenario","steps":[{"result":{"status":"skipped"},"line":15,"name":"I navigate to events section","match":{"location":"stepDefinitions.EventSteps.i_navigate_to_events_section()"},"keyword":"Given "},{"result":{"duration":1000200,"status":"skipped"},"line":16,"name":"I search for event \"Comedy Show\"","match":{"arguments":[{"val":"\"Comedy Show\"","offset":19}],"location":"stepDefinitions.EventSteps.i_search_for_event(java.lang.String)"},"keyword":"When "},{"result":{"status":"skipped"},"line":17,"name":"I select the 1 event from the list","match":{"arguments":[{"val":"1","offset":13}],"location":"stepDefinitions.EventSteps.i_select_the_event_from_the_list(int)"},"keyword":"And "},{"result":{"status":"skipped"},"line":18,"name":"I should see event details","match":{"location":"stepDefinitions.EventSteps.i_should_see_event_details()"},"keyword":"Then "}]},{"start_timestamp":"2025-08-27T11:31:16.356Z","before":[{"result":{"error_message":"org.openqa.selenium.remote.NoSuchDriverException: Unable to obtain: Capabilities {browserName: chrome, goog:chromeOptions: {args: [--remote-allow-origins=*, --start-maximized, --disable-notifications], extensions: []}}\r\n\tat org.openqa.selenium.remote.service.DriverFinder.getPath(DriverFinder.java:29)\r\n\tat org.openqa.selenium.chrome.ChromeDriver.generateExecutor(ChromeDriver.java:98)\r\n\tat org.openqa.selenium.chrome.ChromeDriver.<init>(ChromeDriver.java:87)\r\n\tat org.openqa.selenium.chrome.ChromeDriver.<init>(ChromeDriver.java:82)\r\n\tat org.openqa.selenium.chrome.ChromeDriver.<init>(ChromeDriver.java:71)\r\n\tat base.DriverSetup.initializeDriver(DriverSetup.java:33)\r\n\tat hooks.Hooks.setUp(Hooks.java:14)\r\nCaused by: org.openqa.selenium.WebDriverException: Unsuccessful command executed: [C:\\Users\\shoai\\AppData\\Local\\Temp\\selenium-manager10131594516570010173530370809661035\\selenium-manager.exe, --browser, chrome, --output, json]\nThe chromedriver version cannot be discovered\nBuild info: version: '4.10.0', revision: 'c14d967899'\nSystem info: os.name: 'Windows 11', os.arch: 'amd64', os.version: '10.0', java.version: '21.0.7'\nDriver info: driver.version: ChromeDriver\r\n\tat org.openqa.selenium.manager.SeleniumManager.runCommand(SeleniumManager.java:130)\r\n\tat org.openqa.selenium.manager.SeleniumManager.getDriverPath(SeleniumManager.java:251)\r\n\tat org.openqa.selenium.remote.service.DriverFinder.getPath(DriverFinder.java:27)\r\n\tat org.openqa.selenium.chrome.ChromeDriver.generateExecutor(ChromeDriver.java:98)\r\n\tat org.openqa.selenium.chrome.ChromeDriver.<init>(ChromeDriver.java:87)\r\n\tat org.openqa.selenium.chrome.ChromeDriver.<init>(ChromeDriver.java:82)\r\n\tat org.openqa.selenium.chrome.ChromeDriver.<init>(ChromeDriver.java:71)\r\n\tat base.DriverSetup.initializeDriver(DriverSetup.java:33)\r\n\tat hooks.Hooks.setUp(Hooks.java:14)\r\n\tat java.base/jdk.internal.reflect.DirectMethodHandleAccessor.invoke(DirectMethodHandleAccessor.java:103)\r\n\tat java.base/java.lang.reflect.Method.invoke(Method.java:580)\r\n\tat io.cucumber.java.Invoker.doInvoke(Invoker.java:66)\r\n\tat io.cucumber.java.Invoker.invoke(Invoker.java:24)\r\n\tat io.cucumber.java.AbstractGlueDefinition.invokeMethod(AbstractGlueDefinition.java:47)\r\n\tat io.cucumber.java.JavaHookDefinition.execute(JavaHookDefinition.java:64)\r\n\tat io.cucumber.core.runner.CoreHookDefinition.execute(CoreHookDefinition.java:46)\r\n\tat io.cucumber.core.runner.HookDefinitionMatch.runStep(HookDefinitionMatch.java:21)\r\n\tat io.cucumber.core.runner.ExecutionMode$1.execute(ExecutionMode.java:10)\r\n\tat io.cucumber.core.runner.TestStep.executeStep(TestStep.java:84)\r\n\tat io.cucumber.core.runner.TestStep.run(TestStep.java:56)\r\n\tat io.cucumber.core.runner.TestCase.run(TestCase.java:78)\r\n\tat io.cucumber.core.runner.Runner.runPickle(Runner.java:75)\r\n\tat io.cucumber.testng.TestNGCucumberRunner.lambda$runScenario$1(TestNGCucumberRunner.java:132)\r\n\tat io.cucumber.core.runtime.CucumberExecutionContext.lambda$runTestCase$5(CucumberExecutionContext.java:137)\r\n\tat io.cucumber.core.runtime.RethrowingThrowableCollector.executeAndThrow(RethrowingThrowableCollector.java:23)\r\n\tat io.cucumber.core.runtime.CucumberExecutionContext.runTestCase(CucumberExecutionContext.java:137)\r\n\tat io.cucumber.testng.TestNGCucumberRunner.runScenario(TestNGCucumberRunner.java:129)\r\n\tat io.cucumber.testng.AbstractTestNGCucumberTests.runScenario(AbstractTestNGCucumberTests.java:35)\r\n\tat java.base/jdk.internal.reflect.DirectMethodHandleAccessor.invoke(DirectMethodHandleAccessor.java:103)\r\n\tat java.base/java.lang.reflect.Method.invoke(Method.java:580)\r\n\tat org.testng.internal.invokers.MethodInvocationHelper.invokeMethod(MethodInvocationHelper.java:139)\r\n\tat org.testng.internal.invokers.TestInvoker.invokeMethod(TestInvoker.java:664)\r\n\tat org.testng.internal.invokers.TestInvoker.invokeTestMethod(TestInvoker.java:227)\r\n\tat org.testng.internal.invokers.MethodRunner.runInSequence(MethodRunner.java:50)\r\n\tat org.testng.internal.invokers.TestInvoker$MethodInvocationAgent.invoke(TestInvoker.java:957)\r\n\tat org.testng.internal.invokers.TestInvoker.invokeTestMethods(TestInvoker.java:200)\r\n\tat org.testng.internal.invokers.TestMethodWorker.invokeTestMethods(TestMethodWorker.java:148)\r\n\tat org.testng.internal.invokers.TestMethodWorker.run(TestMethodWorker.java:128)\r\n\tat java.base/java.util.ArrayList.forEach(ArrayList.java:1596)\r\n\tat org.testng.TestRunner.privateRun(TestRunner.java:848)\r\n\tat org.testng.TestRunner.run(TestRunner.java:621)\r\n\tat org.testng.SuiteRunner.runTest(SuiteRunner.java:443)\r\n\tat org.testng.SuiteRunner$SuiteWorker.run(SuiteRunner.java:481)\r\n\tat org.testng.internal.thread.ThreadUtil.lambda$execute$0(ThreadUtil.java:58)\r\n\tat java.base/java.util.concurrent.FutureTask.run(FutureTask.java:317)\r\n\tat java.base/java.util.concurrent.ThreadPoolExecutor.runWorker(ThreadPoolExecutor.java:1144)\r\n\tat java.base/java.util.concurrent.ThreadPoolExecutor$Worker.run(ThreadPoolExecutor.java:642)\r\n\tat java.base/java.lang.Thread.run(Thread.java:1583)\r\n","duration":3383653600,"status":"failed"},"match":{"location":"hooks.Hooks.setUp(io.cucumber.java.Scenario)"}}],"line":20,"name":"No upcoming events available","description":"","id":"bookmyshow-event-booking-functionality;no-upcoming-events-available","after":[{"result":{"error_message":"java.lang.NullPointerException: Cannot invoke \"org.openqa.selenium.TakesScreenshot.getScreenshotAs(org.openqa.selenium.OutputType)\" because the return value of \"base.DriverSetup.getDriver()\" is null\r\n\tat utils.ScreenshotUtil.captureScreenshot(ScreenshotUtil.java:23)\r\n\tat hooks.Hooks.tearDown(Hooks.java:21)\r\n","duration":1408300,"status":"failed"},"match":{"location":"hooks.Hooks.tearDown(io.cucumber.java.Scenario)"}}],"type":"scenario","keyword":"Scenario","steps":[{"result":{"status":"skipped"},"line":21,"name":"I navigate to events section","match":{"location":"stepDefinitions.EventSteps.i_navigate_to_events_section()"},"keyword":"Given "},{"result":{"status":"skipped"},"line":22,"name":"there are no upcoming events","match":{"location":"stepDefinitions.EventSteps.there_are_no_upcoming_events()"},"keyword":"And "},{"result":{"status":"skipped"},"line":23,"name":"I search for event \"Theater Play\"","match":{"arguments":[{"val":"\"Theater Play\"","offset":19}],"location":"stepDefinitions.EventSteps.i_search_for_event(java.lang.String)"},"keyword":"When "},{"result":{"status":"skipped"},"line":24,"name":"I should see a message that no events are available","match":{"location":"stepDefinitions.EventSteps.i_should_see_a_message_that_no_events_are_available()"},"keyword":"Then "}]}],"name":"BookMyShow Event Booking Functionality","description":"","id":"bookmyshow-event-booking-functionality","keyword":"Feature","uri":"file:src/test/resources/features/event.feature","tags":[]},{"line":1,"elements":[{"start_timestamp":"2025-08-27T11:31:19.759Z","before":[{"result":{"error_message":"org.openqa.selenium.remote.NoSuchDriverException: Unable to obtain: Capabilities {browserName: chrome, goog:chromeOptions: {args: [--remote-allow-origins=*, --start-maximized, --disable-notifications], extensions: []}}\r\n\tat org.openqa.selenium.remote.service.DriverFinder.getPath(DriverFinder.java:29)\r\n\tat org.openqa.selenium.chrome.ChromeDriver.generateExecutor(ChromeDriver.java:98)\r\n\tat org.openqa.selenium.chrome.ChromeDriver.<init>(ChromeDriver.java:87)\r\n\tat org.openqa.selenium.chrome.ChromeDriver.<init>(ChromeDriver.java:82)\r\n\tat org.openqa.selenium.chrome.ChromeDriver.<init>(ChromeDriver.java:71)\r\n\tat base.DriverSetup.initializeDriver(DriverSetup.java:33)\r\n\tat hooks.Hooks.setUp(Hooks.java:14)\r\nCaused by: org.openqa.selenium.WebDriverException: Unsuccessful command executed: [C:\\Users\\shoai\\AppData\\Local\\Temp\\selenium-manager10131594516570010173530370809661035\\selenium-manager.exe, --browser, chrome, --output, json]\nThe chromedriver version cannot be discovered\nBuild info: version: '4.10.0', revision: 'c14d967899'\nSystem info: os.name: 'Windows 11', os.arch: 'amd64', os.version: '10.0', java.version: '21.0.7'\nDriver info: driver.version: ChromeDriver\r\n\tat org.openqa.selenium.manager.SeleniumManager.runCommand(SeleniumManager.java:130)\r\n\tat org.openqa.selenium.manager.SeleniumManager.getDriverPath(SeleniumManager.java:251)\r\n\tat org.openqa.selenium.remote.service.DriverFinder.getPath(DriverFinder.java:27)\r\n\tat org.openqa.selenium.chrome.ChromeDriver.generateExecutor(ChromeDriver.java:98)\r\n\tat org.openqa.selenium.chrome.ChromeDriver.<init>(ChromeDriver.java:87)\r\n\tat org.openqa.selenium.chrome.ChromeDriver.<init>(ChromeDriver.java:82)\r\n\tat org.openqa.selenium.chrome.ChromeDriver.<init>(ChromeDriver.java:71)\r\n\tat base.DriverSetup.initializeDriver(DriverSetup.java:33)\r\n\tat hooks.Hooks.setUp(Hooks.java:14)\r\n\tat java.base/jdk.internal.reflect.DirectMethodHandleAccessor.invoke(DirectMethodHandleAccessor.java:103)\r\n\tat java.base/java.lang.reflect.Method.invoke(Method.java:580)\r\n\tat io.cucumber.java.Invoker.doInvoke(Invoker.java:66)\r\n\tat io.cucumber.java.Invoker.invoke(Invoker.java:24)\r\n\tat io.cucumber.java.AbstractGlueDefinition.invokeMethod(AbstractGlueDefinition.java:47)\r\n\tat io.cucumber.java.JavaHookDefinition.execute(JavaHookDefinition.java:64)\r\n\tat io.cucumber.core.runner.CoreHookDefinition.execute(CoreHookDefinition.java:46)\r\n\tat io.cucumber.core.runner.HookDefinitionMatch.runStep(HookDefinitionMatch.java:21)\r\n\tat io.cucumber.core.runner.ExecutionMode$1.execute(ExecutionMode.java:10)\r\n\tat io.cucumber.core.runner.TestStep.executeStep(TestStep.java:84)\r\n\tat io.cucumber.core.runner.TestStep.run(TestStep.java:56)\r\n\tat io.cucumber.core.runner.TestCase.run(TestCase.java:78)\r\n\tat io.cucumber.core.runner.Runner.runPickle(Runner.java:75)\r\n\tat io.cucumber.testng.TestNGCucumberRunner.lambda$runScenario$1(TestNGCucumberRunner.java:132)\r\n\tat io.cucumber.core.runtime.CucumberExecutionContext.lambda$runTestCase$5(CucumberExecutionContext.java:137)\r\n\tat io.cucumber.core.runtime.RethrowingThrowableCollector.executeAndThrow(RethrowingThrowableCollector.java:23)\r\n\tat io.cucumber.core.runtime.CucumberExecutionContext.runTestCase(CucumberExecutionContext.java:137)\r\n\tat io.cucumber.testng.TestNGCucumberRunner.runScenario(TestNGCucumberRunner.java:129)\r\n\tat io.cucumber.testng.AbstractTestNGCucumberTests.runScenario(AbstractTestNGCucumberTests.java:35)\r\n\tat java.base/jdk.internal.reflect.DirectMethodHandleAccessor.invoke(DirectMethodHandleAccessor.java:103)\r\n\tat java.base/java.lang.reflect.Method.invoke(Method.java:580)\r\n\tat org.testng.internal.invokers.MethodInvocationHelper.invokeMethod(MethodInvocationHelper.java:139)\r\n\tat org.testng.internal.invokers.TestInvoker.invokeMethod(TestInvoker.java:664)\r\n\tat org.testng.internal.invokers.TestInvoker.invokeTestMethod(TestInvoker.java:227)\r\n\tat org.testng.internal.invokers.MethodRunner.runInSequence(MethodRunner.java:50)\r\n\tat org.testng.internal.invokers.TestInvoker$MethodInvocationAgent.invoke(TestInvoker.java:957)\r\n\tat org.testng.internal.invokers.TestInvoker.invokeTestMethods(TestInvoker.java:200)\r\n\tat org.testng.internal.invokers.TestMethodWorker.invokeTestMethods(TestMethodWorker.java:148)\r\n\tat org.testng.internal.invokers.TestMethodWorker.run(TestMethodWorker.java:128)\r\n\tat java.base/java.util.ArrayList.forEach(ArrayList.java:1596)\r\n\tat org.testng.TestRunner.privateRun(TestRunner.java:848)\r\n\tat org.testng.TestRunner.run(TestRunner.java:621)\r\n\tat org.testng.SuiteRunner.runTest(SuiteRunner.java:443)\r\n\tat org.testng.SuiteRunner$SuiteWorker.run(SuiteRunner.java:481)\r\n\tat org.testng.internal.thread.ThreadUtil.lambda$execute$0(ThreadUtil.java:58)\r\n\tat java.base/java.util.concurrent.FutureTask.run(FutureTask.java:317)\r\n\tat java.base/java.util.concurrent.ThreadPoolExecutor.runWorker(ThreadPoolExecutor.java:1144)\r\n\tat java.base/java.util.concurrent.ThreadPoolExecutor$Worker.run(ThreadPoolExecutor.java:642)\r\n\tat java.base/java.lang.Thread.run(Thread.java:1583)\r\n","duration":2624256100,"status":"failed"},"match":{"location":"hooks.Hooks.setUp(io.cucumber.java.Scenario)"}}],"line":3,"name":"Successful login with valid credentials","description":"","id":"bookmyshow-login-functionality;successful-login-with-valid-credentials","after":[{"result":{"error_message":"java.lang.NullPointerException: Cannot invoke \"org.openqa.selenium.TakesScreenshot.getScreenshotAs(org.openqa.selenium.OutputType)\" because the return value of \"base.DriverSetup.getDriver()\" is null\r\n\tat utils.ScreenshotUtil.captureScreenshot(ScreenshotUtil.java:23)\r\n\tat hooks.Hooks.tearDown(Hooks.java:21)\r\n","duration":1014900,"status":"failed"},"match":{"location":"hooks.Hooks.tearDown(io.cucumber.java.Scenario)"}}],"type":"scenario","keyword":"Scenario","steps":[{"result":{"status":"skipped"},"line":4,"name":"I am on the BookMyShow homepage","match":{"location":"stepDefinitions.LoginSteps.i_am_on_the_book_my_show_homepage()"},"keyword":"Given "},{"result":{"status":"skipped"},"line":5,"name":"I click on the login button","match":{"location":"stepDefinitions.LoginSteps.i_click_on_the_login_button()"},"keyword":"When "},{"result":{"status":"skipped"},"line":6,"name":"I enter mobile number \"9876543210\"","match":{"arguments":[{"val":"\"9876543210\"","offset":22}],"location":"stepDefinitions.LoginSteps.i_enter_mobile_number(java.lang.String)"},"keyword":"And "},{"result":{"status":"skipped"},"line":7,"name":"I click on continue button","match":{"location":"stepDefinitions.LoginSteps.i_click_on_continue_button()"},"keyword":"And "},{"result":{"status":"skipped"},"line":8,"name":"I enter OTP \"123456\"","match":{"arguments":[{"val":"\"123456\"","offset":12}],"location":"stepDefinitions.LoginSteps.i_enter_otp(java.lang.String)"},"keyword":"And "},{"result":{"status":"skipped"},"line":9,"name":"I click on verify OTP button","match":{"location":"stepDefinitions.LoginSteps.i_click_on_verify_otp_button()"},"keyword":"And "},{"result":{"duration":965700,"status":"skipped"},"line":10,"name":"I should be logged in successfully","match":{"location":"stepDefinitions.LoginSteps.i_should_be_logged_in_successfully()"},"keyword":"Then "}]},{"start_timestamp":"2025-08-27T11:31:22.400Z","before":[{"result":{"error_message":"org.openqa.selenium.remote.NoSuchDriverException: Unable to obtain: Capabilities {browserName: chrome, goog:chromeOptions: {args: [--remote-allow-origins=*, --start-maximized, --disable-notifications], extensions: []}}\r\n\tat org.openqa.selenium.remote.service.DriverFinder.getPath(DriverFinder.java:29)\r\n\tat org.openqa.selenium.chrome.ChromeDriver.generateExecutor(ChromeDriver.java:98)\r\n\tat org.openqa.selenium.chrome.ChromeDriver.<init>(ChromeDriver.java:87)\r\n\tat org.openqa.selenium.chrome.ChromeDriver.<init>(ChromeDriver.java:82)\r\n\tat org.openqa.selenium.chrome.ChromeDriver.<init>(ChromeDriver.java:71)\r\n\tat base.DriverSetup.initializeDriver(DriverSetup.java:33)\r\n\tat hooks.Hooks.setUp(Hooks.java:14)\r\nCaused by: org.openqa.selenium.WebDriverException: Unsuccessful command executed: [C:\\Users\\shoai\\AppData\\Local\\Temp\\selenium-manager10131594516570010173530370809661035\\selenium-manager.exe, --browser, chrome, --output, json]\nThe chromedriver version cannot be discovered\nBuild info: version: '4.10.0', revision: 'c14d967899'\nSystem info: os.name: 'Windows 11', os.arch: 'amd64', os.version: '10.0', java.version: '21.0.7'\nDriver info: driver.version: ChromeDriver\r\n\tat org.openqa.selenium.manager.SeleniumManager.runCommand(SeleniumManager.java:130)\r\n\tat org.openqa.selenium.manager.SeleniumManager.getDriverPath(SeleniumManager.java:251)\r\n\tat org.openqa.selenium.remote.service.DriverFinder.getPath(DriverFinder.java:27)\r\n\tat org.openqa.selenium.chrome.ChromeDriver.generateExecutor(ChromeDriver.java:98)\r\n\tat org.openqa.selenium.chrome.ChromeDriver.<init>(ChromeDriver.java:87)\r\n\tat org.openqa.selenium.chrome.ChromeDriver.<init>(ChromeDriver.java:82)\r\n\tat org.openqa.selenium.chrome.ChromeDriver.<init>(ChromeDriver.java:71)\r\n\tat base.DriverSetup.initializeDriver(DriverSetup.java:33)\r\n\tat hooks.Hooks.setUp(Hooks.java:14)\r\n\tat java.base/jdk.internal.reflect.DirectMethodHandleAccessor.invoke(DirectMethodHandleAccessor.java:103)\r\n\tat java.base/java.lang.reflect.Method.invoke(Method.java:580)\r\n\tat io.cucumber.java.Invoker.doInvoke(Invoker.java:66)\r\n\tat io.cucumber.java.Invoker.invoke(Invoker.java:24)\r\n\tat io.cucumber.java.AbstractGlueDefinition.invokeMethod(AbstractGlueDefinition.java:47)\r\n\tat io.cucumber.java.JavaHookDefinition.execute(JavaHookDefinition.java:64)\r\n\tat io.cucumber.core.runner.CoreHookDefinition.execute(CoreHookDefinition.java:46)\r\n\tat io.cucumber.core.runner.HookDefinitionMatch.runStep(HookDefinitionMatch.java:21)\r\n\tat io.cucumber.core.runner.ExecutionMode$1.execute(ExecutionMode.java:10)\r\n\tat io.cucumber.core.runner.TestStep.executeStep(TestStep.java:84)\r\n\tat io.cucumber.core.runner.TestStep.run(TestStep.java:56)\r\n\tat io.cucumber.core.runner.TestCase.run(TestCase.java:78)\r\n\tat io.cucumber.core.runner.Runner.runPickle(Runner.java:75)\r\n\tat io.cucumber.testng.TestNGCucumberRunner.lambda$runScenario$1(TestNGCucumberRunner.java:132)\r\n\tat io.cucumber.core.runtime.CucumberExecutionContext.lambda$runTestCase$5(CucumberExecutionContext.java:137)\r\n\tat io.cucumber.core.runtime.RethrowingThrowableCollector.executeAndThrow(RethrowingThrowableCollector.java:23)\r\n\tat io.cucumber.core.runtime.CucumberExecutionContext.runTestCase(CucumberExecutionContext.java:137)\r\n\tat io.cucumber.testng.TestNGCucumberRunner.runScenario(TestNGCucumberRunner.java:129)\r\n\tat io.cucumber.testng.AbstractTestNGCucumberTests.runScenario(AbstractTestNGCucumberTests.java:35)\r\n\tat java.base/jdk.internal.reflect.DirectMethodHandleAccessor.invoke(DirectMethodHandleAccessor.java:103)\r\n\tat java.base/java.lang.reflect.Method.invoke(Method.java:580)\r\n\tat org.testng.internal.invokers.MethodInvocationHelper.invokeMethod(MethodInvocationHelper.java:139)\r\n\tat org.testng.internal.invokers.TestInvoker.invokeMethod(TestInvoker.java:664)\r\n\tat org.testng.internal.invokers.TestInvoker.invokeTestMethod(TestInvoker.java:227)\r\n\tat org.testng.internal.invokers.MethodRunner.runInSequence(MethodRunner.java:50)\r\n\tat org.testng.internal.invokers.TestInvoker$MethodInvocationAgent.invoke(TestInvoker.java:957)\r\n\tat org.testng.internal.invokers.TestInvoker.invokeTestMethods(TestInvoker.java:200)\r\n\tat org.testng.internal.invokers.TestMethodWorker.invokeTestMethods(TestMethodWorker.java:148)\r\n\tat org.testng.internal.invokers.TestMethodWorker.run(TestMethodWorker.java:128)\r\n\tat java.base/java.util.ArrayList.forEach(ArrayList.java:1596)\r\n\tat org.testng.TestRunner.privateRun(TestRunner.java:848)\r\n\tat org.testng.TestRunner.run(TestRunner.java:621)\r\n\tat org.testng.SuiteRunner.runTest(SuiteRunner.java:443)\r\n\tat org.testng.SuiteRunner$SuiteWorker.run(SuiteRunner.java:481)\r\n\tat org.testng.internal.thread.ThreadUtil.lambda$execute$0(ThreadUtil.java:58)\r\n\tat java.base/java.util.concurrent.FutureTask.run(FutureTask.java:317)\r\n\tat java.base/java.util.concurrent.ThreadPoolExecutor.runWorker(ThreadPoolExecutor.java:1144)\r\n\tat java.base/java.util.concurrent.ThreadPoolExecutor$Worker.run(ThreadPoolExecutor.java:642)\r\n\tat java.base/java.lang.Thread.run(Thread.java:1583)\r\n","duration":2540177300,"status":"failed"},"match":{"location":"hooks.Hooks.setUp(io.cucumber.java.Scenario)"}}],"line":12,"name":"Failed login with invalid mobile number","description":"","id":"bookmyshow-login-functionality;failed-login-with-invalid-mobile-number","after":[{"result":{"error_message":"java.lang.NullPointerException: Cannot invoke \"org.openqa.selenium.TakesScreenshot.getScreenshotAs(org.openqa.selenium.OutputType)\" because the return value of \"base.DriverSetup.getDriver()\" is null\r\n\tat utils.ScreenshotUtil.captureScreenshot(ScreenshotUtil.java:23)\r\n\tat hooks.Hooks.tearDown(Hooks.java:21)\r\n","status":"failed"},"match":{"location":"hooks.Hooks.tearDown(io.cucumber.java.Scenario)"}}],"type":"scenario","keyword":"Scenario","steps":[{"result":{"duration":910700,"status":"skipped"},"line":13,"name":"I am on the BookMyShow homepage","match":{"location":"stepDefinitions.LoginSteps.i_am_on_the_book_my_show_homepage()"},"keyword":"Given "},{"result":{"status":"skipped"},"line":14,"name":"I click on the login button","match":{"location":"stepDefinitions.LoginSteps.i_click_on_the_login_button()"},"keyword":"When "},{"result":{"status":"skipped"},"line":15,"name":"I enter mobile number \"12345\"","match":{"arguments":[{"val":"\"12345\"","offset":22}],"location":"stepDefinitions.LoginSteps.i_enter_mobile_number(java.lang.String)"},"keyword":"And "},{"result":{"status":"skipped"},"line":16,"name":"I click on continue button","match":{"location":"stepDefinitions.LoginSteps.i_click_on_continue_button()"},"keyword":"And "},{"result":{"status":"skipped"},"line":17,"name":"I should see an error message \"Invalid mobile number\"","match":{"arguments":[{"val":"\"Invalid mobile number\"","offset":30}],"location":"stepDefinitions.LoginSteps.i_should_see_an_error_message(java.lang.String)"},"keyword":"Then "}]},{"start_timestamp":"2025-08-27T11:31:24.956Z","before":[{"result":{"error_message":"org.openqa.selenium.remote.NoSuchDriverException: Unable to obtain: Capabilities {browserName: chrome, goog:chromeOptions: {args: [--remote-allow-origins=*, --start-maximized, --disable-notifications], extensions: []}}\r\n\tat org.openqa.selenium.remote.service.DriverFinder.getPath(DriverFinder.java:29)\r\n\tat org.openqa.selenium.chrome.ChromeDriver.generateExecutor(ChromeDriver.java:98)\r\n\tat org.openqa.selenium.chrome.ChromeDriver.<init>(ChromeDriver.java:87)\r\n\tat org.openqa.selenium.chrome.ChromeDriver.<init>(ChromeDriver.java:82)\r\n\tat org.openqa.selenium.chrome.ChromeDriver.<init>(ChromeDriver.java:71)\r\n\tat base.DriverSetup.initializeDriver(DriverSetup.java:33)\r\n\tat hooks.Hooks.setUp(Hooks.java:14)\r\nCaused by: org.openqa.selenium.WebDriverException: Unsuccessful command executed: [C:\\Users\\shoai\\AppData\\Local\\Temp\\selenium-manager10131594516570010173530370809661035\\selenium-manager.exe, --browser, chrome, --output, json]\nThe chromedriver version cannot be discovered\nBuild info: version: '4.10.0', revision: 'c14d967899'\nSystem info: os.name: 'Windows 11', os.arch: 'amd64', os.version: '10.0', java.version: '21.0.7'\nDriver info: driver.version: ChromeDriver\r\n\tat org.openqa.selenium.manager.SeleniumManager.runCommand(SeleniumManager.java:130)\r\n\tat org.openqa.selenium.manager.SeleniumManager.getDriverPath(SeleniumManager.java:251)\r\n\tat org.openqa.selenium.remote.service.DriverFinder.getPath(DriverFinder.java:27)\r\n\tat org.openqa.selenium.chrome.ChromeDriver.generateExecutor(ChromeDriver.java:98)\r\n\tat org.openqa.selenium.chrome.ChromeDriver.<init>(ChromeDriver.java:87)\r\n\tat org.openqa.selenium.chrome.ChromeDriver.<init>(ChromeDriver.java:82)\r\n\tat org.openqa.selenium.chrome.ChromeDriver.<init>(ChromeDriver.java:71)\r\n\tat base.DriverSetup.initializeDriver(DriverSetup.java:33)\r\n\tat hooks.Hooks.setUp(Hooks.java:14)\r\n\tat java.base/jdk.internal.reflect.DirectMethodHandleAccessor.invoke(DirectMethodHandleAccessor.java:103)\r\n\tat java.base/java.lang.reflect.Method.invoke(Method.java:580)\r\n\tat io.cucumber.java.Invoker.doInvoke(Invoker.java:66)\r\n\tat io.cucumber.java.Invoker.invoke(Invoker.java:24)\r\n\tat io.cucumber.java.AbstractGlueDefinition.invokeMethod(AbstractGlueDefinition.java:47)\r\n\tat io.cucumber.java.JavaHookDefinition.execute(JavaHookDefinition.java:64)\r\n\tat io.cucumber.core.runner.CoreHookDefinition.execute(CoreHookDefinition.java:46)\r\n\tat io.cucumber.core.runner.HookDefinitionMatch.runStep(HookDefinitionMatch.java:21)\r\n\tat io.cucumber.core.runner.ExecutionMode$1.execute(ExecutionMode.java:10)\r\n\tat io.cucumber.core.runner.TestStep.executeStep(TestStep.java:84)\r\n\tat io.cucumber.core.runner.TestStep.run(TestStep.java:56)\r\n\tat io.cucumber.core.runner.TestCase.run(TestCase.java:78)\r\n\tat io.cucumber.core.runner.Runner.runPickle(Runner.java:75)\r\n\tat io.cucumber.testng.TestNGCucumberRunner.lambda$runScenario$1(TestNGCucumberRunner.java:132)\r\n\tat io.cucumber.core.runtime.CucumberExecutionContext.lambda$runTestCase$5(CucumberExecutionContext.java:137)\r\n\tat io.cucumber.core.runtime.RethrowingThrowableCollector.executeAndThrow(RethrowingThrowableCollector.java:23)\r\n\tat io.cucumber.core.runtime.CucumberExecutionContext.runTestCase(CucumberExecutionContext.java:137)\r\n\tat io.cucumber.testng.TestNGCucumberRunner.runScenario(TestNGCucumberRunner.java:129)\r\n\tat io.cucumber.testng.AbstractTestNGCucumberTests.runScenario(AbstractTestNGCucumberTests.java:35)\r\n\tat java.base/jdk.internal.reflect.DirectMethodHandleAccessor.invoke(DirectMethodHandleAccessor.java:103)\r\n\tat java.base/java.lang.reflect.Method.invoke(Method.java:580)\r\n\tat org.testng.internal.invokers.MethodInvocationHelper.invokeMethod(MethodInvocationHelper.java:139)\r\n\tat org.testng.internal.invokers.TestInvoker.invokeMethod(TestInvoker.java:664)\r\n\tat org.testng.internal.invokers.TestInvoker.invokeTestMethod(TestInvoker.java:227)\r\n\tat org.testng.internal.invokers.MethodRunner.runInSequence(MethodRunner.java:50)\r\n\tat org.testng.internal.invokers.TestInvoker$MethodInvocationAgent.invoke(TestInvoker.java:957)\r\n\tat org.testng.internal.invokers.TestInvoker.invokeTestMethods(TestInvoker.java:200)\r\n\tat org.testng.internal.invokers.TestMethodWorker.invokeTestMethods(TestMethodWorker.java:148)\r\n\tat org.testng.internal.invokers.TestMethodWorker.run(TestMethodWorker.java:128)\r\n\tat java.base/java.util.ArrayList.forEach(ArrayList.java:1596)\r\n\tat org.testng.TestRunner.privateRun(TestRunner.java:848)\r\n\tat org.testng.TestRunner.run(TestRunner.java:621)\r\n\tat org.testng.SuiteRunner.runTest(SuiteRunner.java:443)\r\n\tat org.testng.SuiteRunner$SuiteWorker.run(SuiteRunner.java:481)\r\n\tat org.testng.internal.thread.ThreadUtil.lambda$execute$0(ThreadUtil.java:58)\r\n\tat java.base/java.util.concurrent.FutureTask.run(FutureTask.java:317)\r\n\tat java.base/java.util.concurrent.ThreadPoolExecutor.runWorker(ThreadPoolExecutor.java:1144)\r\n\tat java.base/java.util.concurrent.ThreadPoolExecutor$Worker.run(ThreadPoolExecutor.java:642)\r\n\tat java.base/java.lang.Thread.run(Thread.java:1583)\r\n","duration":2550291600,"status":"failed"},"match":{"location":"hooks.Hooks.setUp(io.cucumber.java.Scenario)"}}],"line":19,"name":"Failed login with incorrect OTP","description":"","id":"bookmyshow-login-functionality;failed-login-with-incorrect-otp","after":[{"result":{"error_message":"java.lang.NullPointerException: Cannot invoke \"org.openqa.selenium.TakesScreenshot.getScreenshotAs(org.openqa.selenium.OutputType)\" because the return value of \"base.DriverSetup.getDriver()\" is null\r\n\tat utils.ScreenshotUtil.captureScreenshot(ScreenshotUtil.java:23)\r\n\tat hooks.Hooks.tearDown(Hooks.java:21)\r\n","duration":2006200,"status":"failed"},"match":{"location":"hooks.Hooks.tearDown(io.cucumber.java.Scenario)"}}],"type":"scenario","keyword":"Scenario","steps":[{"result":{"status":"skipped"},"line":20,"name":"I am on the BookMyShow homepage","match":{"location":"stepDefinitions.LoginSteps.i_am_on_the_book_my_show_homepage()"},"keyword":"Given "},{"result":{"status":"skipped"},"line":21,"name":"I click on the login button","match":{"location":"stepDefinitions.LoginSteps.i_click_on_the_login_button()"},"keyword":"When "},{"result":{"status":"skipped"},"line":22,"name":"I enter mobile number \"9876543210\"","match":{"arguments":[{"val":"\"9876543210\"","offset":22}],"location":"stepDefinitions.LoginSteps.i_enter_mobile_number(java.lang.String)"},"keyword":"And "},{"result":{"status":"skipped"},"line":23,"name":"I click on continue button","match":{"location":"stepDefinitions.LoginSteps.i_click_on_continue_button()"},"keyword":"And "},{"result":{"status":"skipped"},"line":24,"name":"I enter OTP \"000000\"","match":{"arguments":[{"val":"\"000000\"","offset":12}],"location":"stepDefinitions.LoginSteps.i_enter_otp(java.lang.String)"},"keyword":"And "},{"result":{"status":"skipped"},"line":25,"name":"I click on verify OTP button","match":{"location":"stepDefinitions.LoginSteps.i_click_on_verify_otp_button()"},"keyword":"And "},{"result":{"status":"skipped"},"line":26,"name":"I should see an error message \"Invalid OTP\"","match":{"arguments":[{"val":"\"Invalid OTP\"","offset":30}],"location":"stepDefinitions.LoginSteps.i_should_see_an_error_message(java.lang.String)"},"keyword":"Then "}]}],"name":"BookMyShow Login Functionality","description":"","id":"bookmyshow-login-functionality","keyword":"Feature","uri":"file:src/test/resources/features/login.feature","tags":[]},{"line":1,"elements":[{"start_timestamp":"2025-08-27T11:31:27.521Z","before":[{"result":{"error_message":"org.openqa.selenium.remote.NoSuchDriverException: Unable to obtain: Capabilities {browserName: chrome, goog:chromeOptions: {args: [--remote-allow-origins=*, --start-maximized, --disable-notifications], extensions: []}}\r\n\tat org.openqa.selenium.remote.service.DriverFinder.getPath(DriverFinder.java:29)\r\n\tat org.openqa.selenium.chrome.ChromeDriver.generateExecutor(ChromeDriver.java:98)\r\n\tat org.openqa.selenium.chrome.ChromeDriver.<init>(ChromeDriver.java:87)\r\n\tat org.openqa.selenium.chrome.ChromeDriver.<init>(ChromeDriver.java:82)\r\n\tat org.openqa.selenium.chrome.ChromeDriver.<init>(ChromeDriver.java:71)\r\n\tat base.DriverSetup.initializeDriver(DriverSetup.java:33)\r\n\tat hooks.Hooks.setUp(Hooks.java:14)\r\nCaused by: org.openqa.selenium.WebDriverException: Unsuccessful command executed: [C:\\Users\\shoai\\AppData\\Local\\Temp\\selenium-manager10131594516570010173530370809661035\\selenium-manager.exe, --browser, chrome, --output, json]\nThe chromedriver version cannot be discovered\nBuild info: version: '4.10.0', revision: 'c14d967899'\nSystem info: os.name: 'Windows 11', os.arch: 'amd64', os.version: '10.0', java.version: '21.0.7'\nDriver info: driver.version: ChromeDriver\r\n\tat org.openqa.selenium.manager.SeleniumManager.runCommand(SeleniumManager.java:130)\r\n\tat org.openqa.selenium.manager.SeleniumManager.getDriverPath(SeleniumManager.java:251)\r\n\tat org.openqa.selenium.remote.service.DriverFinder.getPath(DriverFinder.java:27)\r\n\tat org.openqa.selenium.chrome.ChromeDriver.generateExecutor(ChromeDriver.java:98)\r\n\tat org.openqa.selenium.chrome.ChromeDriver.<init>(ChromeDriver.java:87)\r\n\tat org.openqa.selenium.chrome.ChromeDriver.<init>(ChromeDriver.java:82)\r\n\tat org.openqa.selenium.chrome.ChromeDriver.<init>(ChromeDriver.java:71)\r\n\tat base.DriverSetup.initializeDriver(DriverSetup.java:33)\r\n\tat hooks.Hooks.setUp(Hooks.java:14)\r\n\tat java.base/jdk.internal.reflect.DirectMethodHandleAccessor.invoke(DirectMethodHandleAccessor.java:103)\r\n\tat java.base/java.lang.reflect.Method.invoke(Method.java:580)\r\n\tat io.cucumber.java.Invoker.doInvoke(Invoker.java:66)\r\n\tat io.cucumber.java.Invoker.invoke(Invoker.java:24)\r\n\tat io.cucumber.java.AbstractGlueDefinition.invokeMethod(AbstractGlueDefinition.java:47)\r\n\tat io.cucumber.java.JavaHookDefinition.execute(JavaHookDefinition.java:64)\r\n\tat io.cucumber.core.runner.CoreHookDefinition.execute(CoreHookDefinition.java:46)\r\n\tat io.cucumber.core.runner.HookDefinitionMatch.runStep(HookDefinitionMatch.java:21)\r\n\tat io.cucumber.core.runner.ExecutionMode$1.execute(ExecutionMode.java:10)\r\n\tat io.cucumber.core.runner.TestStep.executeStep(TestStep.java:84)\r\n\tat io.cucumber.core.runner.TestStep.run(TestStep.java:56)\r\n\tat io.cucumber.core.runner.TestCase.run(TestCase.java:78)\r\n\tat io.cucumber.core.runner.Runner.runPickle(Runner.java:75)\r\n\tat io.cucumber.testng.TestNGCucumberRunner.lambda$runScenario$1(TestNGCucumberRunner.java:132)\r\n\tat io.cucumber.core.runtime.CucumberExecutionContext.lambda$runTestCase$5(CucumberExecutionContext.java:137)\r\n\tat io.cucumber.core.runtime.RethrowingThrowableCollector.executeAndThrow(RethrowingThrowableCollector.java:23)\r\n\tat io.cucumber.core.runtime.CucumberExecutionContext.runTestCase(CucumberExecutionContext.java:137)\r\n\tat io.cucumber.testng.TestNGCucumberRunner.runScenario(TestNGCucumberRunner.java:129)\r\n\tat io.cucumber.testng.AbstractTestNGCucumberTests.runScenario(AbstractTestNGCucumberTests.java:35)\r\n\tat java.base/jdk.internal.reflect.DirectMethodHandleAccessor.invoke(DirectMethodHandleAccessor.java:103)\r\n\tat java.base/java.lang.reflect.Method.invoke(Method.java:580)\r\n\tat org.testng.internal.invokers.MethodInvocationHelper.invokeMethod(MethodInvocationHelper.java:139)\r\n\tat org.testng.internal.invokers.TestInvoker.invokeMethod(TestInvoker.java:664)\r\n\tat org.testng.internal.invokers.TestInvoker.invokeTestMethod(TestInvoker.java:227)\r\n\tat org.testng.internal.invokers.MethodRunner.runInSequence(MethodRunner.java:50)\r\n\tat org.testng.internal.invokers.TestInvoker$MethodInvocationAgent.invoke(TestInvoker.java:957)\r\n\tat org.testng.internal.invokers.TestInvoker.invokeTestMethods(TestInvoker.java:200)\r\n\tat org.testng.internal.invokers.TestMethodWorker.invokeTestMethods(TestMethodWorker.java:148)\r\n\tat org.testng.internal.invokers.TestMethodWorker.run(TestMethodWorker.java:128)\r\n\tat java.base/java.util.ArrayList.forEach(ArrayList.java:1596)\r\n\tat org.testng.TestRunner.privateRun(TestRunner.java:848)\r\n\tat org.testng.TestRunner.run(TestRunner.java:621)\r\n\tat org.testng.SuiteRunner.runTest(SuiteRunner.java:443)\r\n\tat org.testng.SuiteRunner$SuiteWorker.run(SuiteRunner.java:481)\r\n\tat org.testng.internal.thread.ThreadUtil.lambda$execute$0(ThreadUtil.java:58)\r\n\tat java.base/java.util.concurrent.FutureTask.run(FutureTask.java:317)\r\n\tat java.base/java.util.concurrent.ThreadPoolExecutor.runWorker(ThreadPoolExecutor.java:1144)\r\n\tat java.base/java.util.concurrent.ThreadPoolExecutor$Worker.run(ThreadPoolExecutor.java:642)\r\n\tat java.base/java.lang.Thread.run(Thread.java:1583)\r\n","duration":2645413600,"status":"failed"},"match":{"location":"hooks.Hooks.setUp(io.cucumber.java.Scenario)"}}],"line":3,"name":"Successful movie booking flow","description":"","id":"bookmyshow-movie-booking-functionality;successful-movie-booking-flow","after":[{"result":{"error_message":"java.lang.NullPointerException: Cannot invoke \"org.openqa.selenium.TakesScreenshot.getScreenshotAs(org.openqa.selenium.OutputType)\" because the return value of \"base.DriverSetup.getDriver()\" is null\r\n\tat utils.ScreenshotUtil.captureScreenshot(ScreenshotUtil.java:23)\r\n\tat hooks.Hooks.tearDown(Hooks.java:21)\r\n","duration":1001300,"status":"failed"},"match":{"location":"hooks.Hooks.tearDown(io.cucumber.java.Scenario)"}}],"type":"scenario","keyword":"Scenario","steps":[{"result":{"status":"skipped"},"line":4,"name":"I have selected city \"Mumbai\"","match":{"arguments":[{"val":"\"Mumbai\"","offset":21}],"location":"stepDefinitions.MovieSteps.i_have_selected_city(java.lang.String)"},"keyword":"Given "},{"result":{"status":"skipped"},"line":5,"name":"I search for movie \"Avengers\"","match":{"arguments":[{"val":"\"Avengers\"","offset":19}],"location":"stepDefinitions.MovieSteps.i_search_for_movie(java.lang.String)"},"keyword":"When "},{"result":{"status":"skipped"},"line":6,"name":"I select date after 2 days","match":{"arguments":[{"val":"2","offset":20}],"location":"stepDefinitions.MovieSteps.i_select_date_after_days(int)"},"keyword":"And "},{"result":{"duration":995500,"status":"skipped"},"line":7,"name":"I select the 1 theatre from the list","match":{"arguments":[{"val":"1","offset":13}],"location":"stepDefinitions.MovieSteps.i_select_the_theatre_from_the_list(int)"},"keyword":"And "},{"result":{"status":"skipped"},"line":8,"name":"I select the 1 show time","match":{"arguments":[{"val":"1","offset":13}],"location":"stepDefinitions.MovieSteps.i_select_the_show_time(int)"},"keyword":"And "},{"result":{"status":"skipped"},"line":9,"name":"I select the 1 available seat","match":{"arguments":[{"val":"1","offset":13}],"location":"stepDefinitions.MovieSteps.i_select_the_available_seat(int)"},"keyword":"And "},{"result":{"status":"skipped"},"line":10,"name":"I proceed to payment","match":{"location":"stepDefinitions.MovieSteps.i_proceed_to_payment()"},"keyword":"And "},{"result":{"duration":998300,"status":"skipped"},"line":11,"name":"I should be redirected to payment page","match":{"location":"stepDefinitions.MovieSteps.i_should_be_redirected_to_payment_page()"},"keyword":"Then "}]},{"start_timestamp":"2025-08-27T11:31:30.182Z","before":[{"result":{"error_message":"org.openqa.selenium.remote.NoSuchDriverException: Unable to obtain: Capabilities {browserName: chrome, goog:chromeOptions: {args: [--remote-allow-origins=*, --start-maximized, --disable-notifications], extensions: []}}\r\n\tat org.openqa.selenium.remote.service.DriverFinder.getPath(DriverFinder.java:29)\r\n\tat org.openqa.selenium.chrome.ChromeDriver.generateExecutor(ChromeDriver.java:98)\r\n\tat org.openqa.selenium.chrome.ChromeDriver.<init>(ChromeDriver.java:87)\r\n\tat org.openqa.selenium.chrome.ChromeDriver.<init>(ChromeDriver.java:82)\r\n\tat org.openqa.selenium.chrome.ChromeDriver.<init>(ChromeDriver.java:71)\r\n\tat base.DriverSetup.initializeDriver(DriverSetup.java:33)\r\n\tat hooks.Hooks.setUp(Hooks.java:14)\r\nCaused by: org.openqa.selenium.WebDriverException: Unsuccessful command executed: [C:\\Users\\shoai\\AppData\\Local\\Temp\\selenium-manager10131594516570010173530370809661035\\selenium-manager.exe, --browser, chrome, --output, json]\nThe chromedriver version cannot be discovered\nBuild info: version: '4.10.0', revision: 'c14d967899'\nSystem info: os.name: 'Windows 11', os.arch: 'amd64', os.version: '10.0', java.version: '21.0.7'\nDriver info: driver.version: ChromeDriver\r\n\tat org.openqa.selenium.manager.SeleniumManager.runCommand(SeleniumManager.java:130)\r\n\tat org.openqa.selenium.manager.SeleniumManager.getDriverPath(SeleniumManager.java:251)\r\n\tat org.openqa.selenium.remote.service.DriverFinder.getPath(DriverFinder.java:27)\r\n\tat org.openqa.selenium.chrome.ChromeDriver.generateExecutor(ChromeDriver.java:98)\r\n\tat org.openqa.selenium.chrome.ChromeDriver.<init>(ChromeDriver.java:87)\r\n\tat org.openqa.selenium.chrome.ChromeDriver.<init>(ChromeDriver.java:82)\r\n\tat org.openqa.selenium.chrome.ChromeDriver.<init>(ChromeDriver.java:71)\r\n\tat base.DriverSetup.initializeDriver(DriverSetup.java:33)\r\n\tat hooks.Hooks.setUp(Hooks.java:14)\r\n\tat java.base/jdk.internal.reflect.DirectMethodHandleAccessor.invoke(DirectMethodHandleAccessor.java:103)\r\n\tat java.base/java.lang.reflect.Method.invoke(Method.java:580)\r\n\tat io.cucumber.java.Invoker.doInvoke(Invoker.java:66)\r\n\tat io.cucumber.java.Invoker.invoke(Invoker.java:24)\r\n\tat io.cucumber.java.AbstractGlueDefinition.invokeMethod(AbstractGlueDefinition.java:47)\r\n\tat io.cucumber.java.JavaHookDefinition.execute(JavaHookDefinition.java:64)\r\n\tat io.cucumber.core.runner.CoreHookDefinition.execute(CoreHookDefinition.java:46)\r\n\tat io.cucumber.core.runner.HookDefinitionMatch.runStep(HookDefinitionMatch.java:21)\r\n\tat io.cucumber.core.runner.ExecutionMode$1.execute(ExecutionMode.java:10)\r\n\tat io.cucumber.core.runner.TestStep.executeStep(TestStep.java:84)\r\n\tat io.cucumber.core.runner.TestStep.run(TestStep.java:56)\r\n\tat io.cucumber.core.runner.TestCase.run(TestCase.java:78)\r\n\tat io.cucumber.core.runner.Runner.runPickle(Runner.java:75)\r\n\tat io.cucumber.testng.TestNGCucumberRunner.lambda$runScenario$1(TestNGCucumberRunner.java:132)\r\n\tat io.cucumber.core.runtime.CucumberExecutionContext.lambda$runTestCase$5(CucumberExecutionContext.java:137)\r\n\tat io.cucumber.core.runtime.RethrowingThrowableCollector.executeAndThrow(RethrowingThrowableCollector.java:23)\r\n\tat io.cucumber.core.runtime.CucumberExecutionContext.runTestCase(CucumberExecutionContext.java:137)\r\n\tat io.cucumber.testng.TestNGCucumberRunner.runScenario(TestNGCucumberRunner.java:129)\r\n\tat io.cucumber.testng.AbstractTestNGCucumberTests.runScenario(AbstractTestNGCucumberTests.java:35)\r\n\tat java.base/jdk.internal.reflect.DirectMethodHandleAccessor.invoke(DirectMethodHandleAccessor.java:103)\r\n\tat java.base/java.lang.reflect.Method.invoke(Method.java:580)\r\n\tat org.testng.internal.invokers.MethodInvocationHelper.invokeMethod(MethodInvocationHelper.java:139)\r\n\tat org.testng.internal.invokers.TestInvoker.invokeMethod(TestInvoker.java:664)\r\n\tat org.testng.internal.invokers.TestInvoker.invokeTestMethod(TestInvoker.java:227)\r\n\tat org.testng.internal.invokers.MethodRunner.runInSequence(MethodRunner.java:50)\r\n\tat org.testng.internal.invokers.TestInvoker$MethodInvocationAgent.invoke(TestInvoker.java:957)\r\n\tat org.testng.internal.invokers.TestInvoker.invokeTestMethods(TestInvoker.java:200)\r\n\tat org.testng.internal.invokers.TestMethodWorker.invokeTestMethods(TestMethodWorker.java:148)\r\n\tat org.testng.internal.invokers.TestMethodWorker.run(TestMethodWorker.java:128)\r\n\tat java.base/java.util.ArrayList.forEach(ArrayList.java:1596)\r\n\tat org.testng.TestRunner.privateRun(TestRunner.java:848)\r\n\tat org.testng.TestRunner.run(TestRunner.java:621)\r\n\tat org.testng.SuiteRunner.runTest(SuiteRunner.java:443)\r\n\tat org.testng.SuiteRunner$SuiteWorker.run(SuiteRunner.java:481)\r\n\tat org.testng.internal.thread.ThreadUtil.lambda$execute$0(ThreadUtil.java:58)\r\n\tat java.base/java.util.concurrent.FutureTask.run(FutureTask.java:317)\r\n\tat java.base/java.util.concurrent.ThreadPoolExecutor.runWorker(ThreadPoolExecutor.java:1144)\r\n\tat java.base/java.util.concurrent.ThreadPoolExecutor$Worker.run(ThreadPoolExecutor.java:642)\r\n\tat java.base/java.lang.Thread.run(Thread.java:1583)\r\n","duration":2647204100,"status":"failed"},"match":{"location":"hooks.Hooks.setUp(io.cucumber.java.Scenario)"}}],"line":13,"name":"View movie details","description":"","id":"bookmyshow-movie-booking-functionality;view-movie-details","after":[{"result":{"error_message":"java.lang.NullPointerException: Cannot invoke \"org.openqa.selenium.TakesScreenshot.getScreenshotAs(org.openqa.selenium.OutputType)\" because the return value of \"base.DriverSetup.getDriver()\" is null\r\n\tat utils.ScreenshotUtil.captureScreenshot(ScreenshotUtil.java:23)\r\n\tat hooks.Hooks.tearDown(Hooks.java:21)\r\n","duration":998100,"status":"failed"},"match":{"location":"hooks.Hooks.tearDown(io.cucumber.java.Scenario)"}}],"type":"scenario","keyword":"Scenario","steps":[{"result":{"status":"skipped"},"line":14,"name":"I have selected city \"Bangalore\"","match":{"arguments":[{"val":"\"Bangalore\"","offset":21}],"location":"stepDefinitions.MovieSteps.i_have_selected_city(java.lang.String)"},"keyword":"Given "},{"result":{"status":"skipped"},"line":15,"name":"I search for movie \"Inception\"","match":{"arguments":[{"val":"\"Inception\"","offset":19}],"location":"stepDefinitions.MovieSteps.i_search_for_movie(java.lang.String)"},"keyword":"When "},{"result":{"status":"skipped"},"line":16,"name":"I should see movie details","match":{"location":"stepDefinitions.MovieSteps.i_should_see_movie_details()"},"keyword":"Then "}]},{"start_timestamp":"2025-08-27T11:31:32.839Z","before":[{"result":{"error_message":"org.openqa.selenium.remote.NoSuchDriverException: Unable to obtain: Capabilities {browserName: chrome, goog:chromeOptions: {args: [--remote-allow-origins=*, --start-maximized, --disable-notifications], extensions: []}}\r\n\tat org.openqa.selenium.remote.service.DriverFinder.getPath(DriverFinder.java:29)\r\n\tat org.openqa.selenium.chrome.ChromeDriver.generateExecutor(ChromeDriver.java:98)\r\n\tat org.openqa.selenium.chrome.ChromeDriver.<init>(ChromeDriver.java:87)\r\n\tat org.openqa.selenium.chrome.ChromeDriver.<init>(ChromeDriver.java:82)\r\n\tat org.openqa.selenium.chrome.ChromeDriver.<init>(ChromeDriver.java:71)\r\n\tat base.DriverSetup.initializeDriver(DriverSetup.java:33)\r\n\tat hooks.Hooks.setUp(Hooks.java:14)\r\nCaused by: org.openqa.selenium.WebDriverException: Unsuccessful command executed: [C:\\Users\\shoai\\AppData\\Local\\Temp\\selenium-manager10131594516570010173530370809661035\\selenium-manager.exe, --browser, chrome, --output, json]\nThe chromedriver version cannot be discovered\nBuild info: version: '4.10.0', revision: 'c14d967899'\nSystem info: os.name: 'Windows 11', os.arch: 'amd64', os.version: '10.0', java.version: '21.0.7'\nDriver info: driver.version: ChromeDriver\r\n\tat org.openqa.selenium.manager.SeleniumManager.runCommand(SeleniumManager.java:130)\r\n\tat org.openqa.selenium.manager.SeleniumManager.getDriverPath(SeleniumManager.java:251)\r\n\tat org.openqa.selenium.remote.service.DriverFinder.getPath(DriverFinder.java:27)\r\n\tat org.openqa.selenium.chrome.ChromeDriver.generateExecutor(ChromeDriver.java:98)\r\n\tat org.openqa.selenium.chrome.ChromeDriver.<init>(ChromeDriver.java:87)\r\n\tat org.openqa.selenium.chrome.ChromeDriver.<init>(ChromeDriver.java:82)\r\n\tat org.openqa.selenium.chrome.ChromeDriver.<init>(ChromeDriver.java:71)\r\n\tat base.DriverSetup.initializeDriver(DriverSetup.java:33)\r\n\tat hooks.Hooks.setUp(Hooks.java:14)\r\n\tat java.base/jdk.internal.reflect.DirectMethodHandleAccessor.invoke(DirectMethodHandleAccessor.java:103)\r\n\tat java.base/java.lang.reflect.Method.invoke(Method.java:580)\r\n\tat io.cucumber.java.Invoker.doInvoke(Invoker.java:66)\r\n\tat io.cucumber.java.Invoker.invoke(Invoker.java:24)\r\n\tat io.cucumber.java.AbstractGlueDefinition.invokeMethod(AbstractGlueDefinition.java:47)\r\n\tat io.cucumber.java.JavaHookDefinition.execute(JavaHookDefinition.java:64)\r\n\tat io.cucumber.core.runner.CoreHookDefinition.execute(CoreHookDefinition.java:46)\r\n\tat io.cucumber.core.runner.HookDefinitionMatch.runStep(HookDefinitionMatch.java:21)\r\n\tat io.cucumber.core.runner.ExecutionMode$1.execute(ExecutionMode.java:10)\r\n\tat io.cucumber.core.runner.TestStep.executeStep(TestStep.java:84)\r\n\tat io.cucumber.core.runner.TestStep.run(TestStep.java:56)\r\n\tat io.cucumber.core.runner.TestCase.run(TestCase.java:78)\r\n\tat io.cucumber.core.runner.Runner.runPickle(Runner.java:75)\r\n\tat io.cucumber.testng.TestNGCucumberRunner.lambda$runScenario$1(TestNGCucumberRunner.java:132)\r\n\tat io.cucumber.core.runtime.CucumberExecutionContext.lambda$runTestCase$5(CucumberExecutionContext.java:137)\r\n\tat io.cucumber.core.runtime.RethrowingThrowableCollector.executeAndThrow(RethrowingThrowableCollector.java:23)\r\n\tat io.cucumber.core.runtime.CucumberExecutionContext.runTestCase(CucumberExecutionContext.java:137)\r\n\tat io.cucumber.testng.TestNGCucumberRunner.runScenario(TestNGCucumberRunner.java:129)\r\n\tat io.cucumber.testng.AbstractTestNGCucumberTests.runScenario(AbstractTestNGCucumberTests.java:35)\r\n\tat java.base/jdk.internal.reflect.DirectMethodHandleAccessor.invoke(DirectMethodHandleAccessor.java:103)\r\n\tat java.base/java.lang.reflect.Method.invoke(Method.java:580)\r\n\tat org.testng.internal.invokers.MethodInvocationHelper.invokeMethod(MethodInvocationHelper.java:139)\r\n\tat org.testng.internal.invokers.TestInvoker.invokeMethod(TestInvoker.java:664)\r\n\tat org.testng.internal.invokers.TestInvoker.invokeTestMethod(TestInvoker.java:227)\r\n\tat org.testng.internal.invokers.MethodRunner.runInSequence(MethodRunner.java:50)\r\n\tat org.testng.internal.invokers.TestInvoker$MethodInvocationAgent.invoke(TestInvoker.java:957)\r\n\tat org.testng.internal.invokers.TestInvoker.invokeTestMethods(TestInvoker.java:200)\r\n\tat org.testng.internal.invokers.TestMethodWorker.invokeTestMethods(TestMethodWorker.java:148)\r\n\tat org.testng.internal.invokers.TestMethodWorker.run(TestMethodWorker.java:128)\r\n\tat java.base/java.util.ArrayList.forEach(ArrayList.java:1596)\r\n\tat org.testng.TestRunner.privateRun(TestRunner.java:848)\r\n\tat org.testng.TestRunner.run(TestRunner.java:621)\r\n\tat org.testng.SuiteRunner.runTest(SuiteRunner.java:443)\r\n\tat org.testng.SuiteRunner$SuiteWorker.run(SuiteRunner.java:481)\r\n\tat org.testng.internal.thread.ThreadUtil.lambda$execute$0(ThreadUtil.java:58)\r\n\tat java.base/java.util.concurrent.FutureTask.run(FutureTask.java:317)\r\n\tat java.base/java.util.concurrent.ThreadPoolExecutor.runWorker(ThreadPoolExecutor.java:1144)\r\n\tat java.base/java.util.concurrent.ThreadPoolExecutor$Worker.run(ThreadPoolExecutor.java:642)\r\n\tat java.base/java.lang.Thread.run(Thread.java:1583)\r\n","duration":2957790500,"status":"failed"},"match":{"location":"hooks.Hooks.setUp(io.cucumber.java.Scenario)"}}],"line":18,"name":"Failed booking without seat selection","description":"","id":"bookmyshow-movie-booking-functionality;failed-booking-without-seat-selection","after":[{"result":{"error_message":"java.lang.NullPointerException: Cannot invoke \"org.openqa.selenium.TakesScreenshot.getScreenshotAs(org.openqa.selenium.OutputType)\" because the return value of \"base.DriverSetup.getDriver()\" is null\r\n\tat utils.ScreenshotUtil.captureScreenshot(ScreenshotUtil.java:23)\r\n\tat hooks.Hooks.tearDown(Hooks.java:21)\r\n","duration":1047200,"status":"failed"},"match":{"location":"hooks.Hooks.tearDown(io.cucumber.java.Scenario)"}}],"type":"scenario","keyword":"Scenario","steps":[{"result":{"duration":998700,"status":"skipped"},"line":19,"name":"I have selected city \"Delhi\"","match":{"arguments":[{"val":"\"Delhi\"","offset":21}],"location":"stepDefinitions.MovieSteps.i_have_selected_city(java.lang.String)"},"keyword":"Given "},{"result":{"status":"skipped"},"line":20,"name":"I search for movie \"Interstellar\"","match":{"arguments":[{"val":"\"Interstellar\"","offset":19}],"location":"stepDefinitions.MovieSteps.i_search_for_movie(java.lang.String)"},"keyword":"When "},{"result":{"status":"skipped"},"line":21,"name":"I select date after 3 days","match":{"arguments":[{"val":"3","offset":20}],"location":"stepDefinitions.MovieSteps.i_select_date_after_days(int)"},"keyword":"And "},{"result":{"status":"skipped"},"line":22,"name":"I select the 1 theatre from the list","match":{"arguments":[{"val":"1","offset":13}],"location":"stepDefinitions.MovieSteps.i_select_the_theatre_from_the_list(int)"},"keyword":"And "},{"result":{"status":"skipped"},"line":23,"name":"I select the 1 show time","match":{"arguments":[{"val":"1","offset":13}],"location":"stepDefinitions.MovieSteps.i_select_the_show_time(int)"},"keyword":"And "},{"result":{"status":"skipped"},"line":24,"name":"I proceed to payment","match":{"location":"stepDefinitions.MovieSteps.i_proceed_to_payment()"},"keyword":"And "},{"result":{"status":"skipped"},"line":25,"name":"I should see a booking error message","match":{"location":"stepDefinitions.MovieSteps.i_should_see_a_booking_error_message()"},"keyword":"Then "}]}],"name":"BookMyShow Movie Booking Functionality","description":"","id":"bookmyshow-movie-booking-functionality","keyword":"Feature","uri":"file:src/test/resources/features/movie.feature","tags":[]}]:"file:src/test/resources/features/movie.feature","tags":[]}]